<?xml version="1.0" encoding="UTF-8"?>
<testrun name="ArrayBasedQueueTest" project="csc207-hw6" tests="5" started="5" failures="1" errors="0" ignored="0">
  <testsuite name="Problem1.ArrayBasedQueueTest" time="0.004">
    <testcase name="testEnqueue" classname="Problem1.ArrayBasedQueueTest" time="0.001"/>
    <testcase name="test" classname="Problem1.ArrayBasedQueueTest" time="0.0"/>
    <testcase name="test2" classname="Problem1.ArrayBasedQueueTest" time="0.0"/>
    <testcase name="test3" classname="Problem1.ArrayBasedQueueTest" time="0.002">
      <failure>java.lang.AssertionError: Expected: [hu9-!, daf23##, kjih--] but received: [hu9-!]
	at org.junit.Assert.fail(Assert.java:88)
	at Problem1.ArrayBasedQueueTest.helperComparison(ArrayBasedQueueTest.java:62)
	at Problem1.ArrayBasedQueueTest.test3(ArrayBasedQueueTest.java:119)
	at sun.reflect.NativeMethodAccessorImpl.invoke0(Native Method)
	at sun.reflect.NativeMethodAccessorImpl.invoke(NativeMethodAccessorImpl.java:39)
	at sun.reflect.DelegatingMethodAccessorImpl.invoke(DelegatingMethodAccessorImpl.java:25)
	at java.lang.reflect.Method.invoke(Method.java:597)
	at org.junit.runners.model.FrameworkMethod$1.runReflectiveCall(FrameworkMethod.java:47)
	at org.junit.internal.runners.model.ReflectiveCallable.run(ReflectiveCallable.java:12)
	at org.junit.runners.model.FrameworkMethod.invokeExplosively(FrameworkMethod.java:44)
	at org.junit.internal.runners.statements.InvokeMethod.evaluate(InvokeMethod.java:17)
	at org.junit.runners.ParentRunner.runLeaf(ParentRunner.java:271)
	at org.junit.runners.BlockJUnit4ClassRunner.runChild(BlockJUnit4ClassRunner.java:70)
	at org.junit.runners.BlockJUnit4ClassRunner.runChild(BlockJUnit4ClassRunner.java:50)
	at org.junit.runners.ParentRunner$3.run(ParentRunner.java:238)
	at org.junit.runners.ParentRunner$1.schedule(ParentRunner.java:63)
	at org.junit.runners.ParentRunner.runChildren(ParentRunner.java:236)
	at org.junit.runners.ParentRunner.access$000(ParentRunner.java:53)
	at org.junit.runners.ParentRunner$2.evaluate(ParentRunner.java:229)
	at org.junit.runners.ParentRunner.run(ParentRunner.java:309)
	at org.eclipse.jdt.internal.junit4.runner.JUnit4TestReference.run(JUnit4TestReference.java:50)
	at org.eclipse.jdt.internal.junit.runner.TestExecution.run(TestExecution.java:38)
	at org.eclipse.jdt.internal.junit.runner.RemoteTestRunner.runTests(RemoteTestRunner.java:467)
	at org.eclipse.jdt.internal.junit.runner.RemoteTestRunner.runTests(RemoteTestRunner.java:683)
	at org.eclipse.jdt.internal.junit.runner.RemoteTestRunner.run(RemoteTestRunner.java:390)
	at org.eclipse.jdt.internal.junit.runner.RemoteTestRunner.main(RemoteTestRunner.java:197)

</failure>
    </testcase>
    <testcase name="testDequeue" classname="Problem1.ArrayBasedQueueTest" time="0.0"/>
  </testsuite>
</testrun>
